{
  "RSpec": {
    "coverage": {
      "/Users/quinnordmark/Desktop/Turing/3mod/6week/final/app/models/user.rb": {
        "lines": [
          1,
          1,
          null,
          1,
          null,
          1,
          1,
          null,
          1,
          1,
          1,
          3,
          null,
          null
        ]
      },
      "/Users/quinnordmark/Desktop/Turing/3mod/6week/final/app/models/application_record.rb": {
        "lines": [
          1,
          1,
          null
        ]
      },
      "/Users/quinnordmark/Desktop/Turing/3mod/6week/final/app/poros/country_poro.rb": {
        "lines": [
          1,
          1,
          null,
          null,
          null,
          null,
          1,
          6,
          null,
          6,
          6,
          3,
          null,
          null,
          6,
          6,
          6,
          3,
          3,
          null,
          null,
          null
        ]
      },
      "/Users/quinnordmark/Desktop/Turing/3mod/6week/final/app/poros/recipe_poro.rb": {
        "lines": [
          1,
          1,
          null,
          null,
          null,
          null,
          null,
          1,
          61,
          61,
          61,
          61,
          61,
          null,
          null
        ]
      },
      "/Users/quinnordmark/Desktop/Turing/3mod/6week/final/app/poros/weather_poro.rb": {
        "lines": [
          1,
          1,
          null,
          null,
          null,
          null,
          1,
          3,
          null,
          3,
          3,
          null,
          3,
          3,
          3,
          null,
          null,
          null
        ]
      },
      "/Users/quinnordmark/Desktop/Turing/3mod/6week/final/app/facades/country_facade.rb": {
        "lines": [
          1,
          null,
          1,
          2,
          2,
          null,
          2,
          null,
          null,
          1,
          2,
          2,
          null,
          2,
          null,
          null
        ]
      },
      "/Users/quinnordmark/Desktop/Turing/3mod/6week/final/app/services/country_service.rb": {
        "lines": [
          1,
          1,
          4,
          null,
          null,
          null,
          null,
          1,
          4,
          null,
          4,
          null,
          null,
          1,
          2,
          null,
          null,
          1,
          2,
          2,
          null,
          null,
          null,
          null
        ]
      },
      "/Users/quinnordmark/Desktop/Turing/3mod/6week/final/app/facades/recipes_facade.rb": {
        "lines": [
          1,
          null,
          1,
          4,
          4,
          null,
          4,
          4,
          60,
          null,
          null,
          4,
          null,
          null
        ]
      },
      "/Users/quinnordmark/Desktop/Turing/3mod/6week/final/app/services/recipes_service.rb": {
        "lines": [
          1,
          1,
          4,
          null,
          null,
          null,
          null,
          1,
          4,
          null,
          4,
          null,
          null,
          1,
          4,
          null,
          null
        ]
      },
      "/Users/quinnordmark/Desktop/Turing/3mod/6week/final/app/facades/weather_facade.rb": {
        "lines": [
          1,
          null,
          1,
          2,
          2,
          null,
          2,
          null,
          null
        ]
      },
      "/Users/quinnordmark/Desktop/Turing/3mod/6week/final/app/services/weather_service.rb": {
        "lines": [
          1,
          1,
          2,
          null,
          null,
          null,
          null,
          1,
          2,
          null,
          2,
          null,
          null,
          1,
          2,
          null,
          null,
          null,
          null
        ]
      },
      "/Users/quinnordmark/Desktop/Turing/3mod/6week/final/app/controllers/api/v1/air_quality_controller.rb": {
        "lines": [
          1,
          1,
          1,
          1,
          1,
          null,
          null,
          null
        ]
      },
      "/Users/quinnordmark/Desktop/Turing/3mod/6week/final/app/controllers/application_controller.rb": {
        "lines": [
          1,
          null
        ]
      },
      "/Users/quinnordmark/Desktop/Turing/3mod/6week/final/app/serializers/air_quality_serializer.rb": {
        "lines": [
          1,
          1,
          null,
          1,
          null,
          null,
          null
        ]
      },
      "/Users/quinnordmark/Desktop/Turing/3mod/6week/final/app/controllers/api/v1/learning_resources_controller.rb": {
        "lines": [
          1,
          1,
          2,
          2,
          2,
          null,
          0,
          null,
          null,
          2,
          2,
          null,
          null
        ]
      },
      "/Users/quinnordmark/Desktop/Turing/3mod/6week/final/app/facades/learning_resources_facade.rb": {
        "lines": [
          1,
          null,
          1,
          2,
          2,
          2,
          2,
          1,
          null,
          null,
          2,
          2,
          null,
          2,
          2,
          1,
          10,
          null,
          null,
          null,
          2,
          null,
          null
        ]
      },
      "/Users/quinnordmark/Desktop/Turing/3mod/6week/final/app/services/youtube_service.rb": {
        "lines": [
          1,
          1,
          2,
          null,
          null,
          null,
          null,
          1,
          2,
          null,
          2,
          null,
          null,
          1,
          2,
          null,
          null
        ]
      },
      "/Users/quinnordmark/Desktop/Turing/3mod/6week/final/app/poros/youtube_poro.rb": {
        "lines": [
          1,
          1,
          null,
          null,
          1,
          1,
          1,
          null,
          null
        ]
      },
      "/Users/quinnordmark/Desktop/Turing/3mod/6week/final/app/services/unsplash_service.rb": {
        "lines": [
          1,
          1,
          2,
          null,
          null,
          null,
          null,
          1,
          2,
          null,
          2,
          null,
          null,
          1,
          2,
          null,
          null
        ]
      },
      "/Users/quinnordmark/Desktop/Turing/3mod/6week/final/app/poros/unsplash_poro.rb": {
        "lines": [
          1,
          1,
          null,
          null,
          1,
          10,
          10,
          null,
          null
        ]
      },
      "/Users/quinnordmark/Desktop/Turing/3mod/6week/final/app/serializers/learning_resources_serializer.rb": {
        "lines": [
          1,
          1,
          3,
          null,
          1,
          2,
          null,
          null,
          1,
          2,
          null,
          null,
          1,
          2,
          null,
          null
        ]
      },
      "/Users/quinnordmark/Desktop/Turing/3mod/6week/final/app/controllers/api/v1/recipes_controller.rb": {
        "lines": [
          1,
          1,
          3,
          3,
          2,
          null,
          1,
          null,
          null,
          3,
          3,
          null,
          null
        ]
      },
      "/Users/quinnordmark/Desktop/Turing/3mod/6week/final/app/serializers/recipe_serializer.rb": {
        "lines": [
          1,
          1,
          null,
          1,
          null,
          null,
          null,
          null
        ]
      },
      "/Users/quinnordmark/Desktop/Turing/3mod/6week/final/app/controllers/api/v1/users_controller.rb": {
        "lines": [
          1,
          1,
          4,
          4,
          2,
          null,
          2,
          null,
          null,
          null,
          1,
          4,
          null,
          null
        ]
      },
      "/Users/quinnordmark/Desktop/Turing/3mod/6week/final/app/serializers/user_serializer.rb": {
        "lines": [
          1,
          1,
          null,
          1,
          null,
          null,
          null
        ]
      }
    },
    "timestamp": 1709707555
  }
}
